TN:
SF:./lib/dash.js
FN:1,(anonymous_1)
FN:1,(anonymous_2)
FN:1,(anonymous_3)
FN:1,(anonymous_4)
FN:1,(anonymous_5)
FN:2,(anonymous_6)
FN:2,(anonymous_7)
FN:2,(anonymous_8)
FN:2,(anonymous_9)
FN:2,(anonymous_10)
FN:2,(anonymous_11)
FN:2,(anonymous_12)
FN:2,(anonymous_13)
FN:3,(anonymous_14)
FN:3,(anonymous_15)
FN:3,(anonymous_16)
FN:3,(anonymous_17)
FN:3,(anonymous_18)
FN:3,(anonymous_19)
FN:4,(anonymous_20)
FN:4,(anonymous_21)
FN:4,(anonymous_22)
FN:4,(anonymous_23)
FN:4,(anonymous_24)
FN:4,(anonymous_25)
FN:4,(anonymous_26)
FN:5,(anonymous_27)
FN:5,(anonymous_28)
FN:5,(anonymous_29)
FN:5,(anonymous_30)
FN:6,(anonymous_31)
FN:6,(anonymous_32)
FN:6,(anonymous_33)
FN:7,(anonymous_34)
FN:7,(anonymous_35)
FN:8,(anonymous_36)
FN:8,(anonymous_37)
FN:9,(anonymous_38)
FN:9,(anonymous_39)
FN:9,(anonymous_40)
FN:9,(anonymous_41)
FN:10,(anonymous_42)
FN:10,(anonymous_43)
FN:10,(anonymous_44)
FN:11,(anonymous_45)
FN:11,(anonymous_46)
FN:11,(anonymous_47)
FN:11,(anonymous_48)
FN:12,(anonymous_49)
FN:13,(anonymous_50)
FN:14,(anonymous_51)
FN:14,(anonymous_52)
FN:14,(anonymous_53)
FN:14,(anonymous_54)
FN:15,(anonymous_55)
FN:15,(anonymous_56)
FN:15,(anonymous_57)
FN:16,(anonymous_58)
FN:16,(anonymous_59)
FN:16,(anonymous_60)
FN:16,(anonymous_61)
FN:17,(anonymous_62)
FN:17,(anonymous_63)
FN:17,(anonymous_64)
FN:17,(anonymous_65)
FN:17,(anonymous_66)
FN:17,(anonymous_67)
FN:18,(anonymous_68)
FN:18,(anonymous_69)
FN:18,(anonymous_70)
FN:18,(anonymous_71)
FN:19,(anonymous_72)
FN:19,(anonymous_73)
FN:19,(anonymous_74)
FN:19,(anonymous_75)
FN:19,(anonymous_76)
FN:19,(anonymous_77)
FN:20,(anonymous_78)
FN:20,(anonymous_79)
FN:20,(anonymous_80)
FN:20,(anonymous_81)
FN:20,(anonymous_82)
FN:20,(anonymous_83)
FN:20,(anonymous_84)
FN:21,(anonymous_85)
FN:21,(anonymous_86)
FN:21,(anonymous_87)
FN:21,(anonymous_88)
FN:22,(anonymous_89)
FN:22,(anonymous_90)
FN:22,(anonymous_91)
FN:23,(anonymous_92)
FN:23,(anonymous_93)
FN:23,(anonymous_94)
FN:23,(anonymous_95)
FN:23,(anonymous_96)
FN:23,(anonymous_97)
FN:24,(anonymous_98)
FN:24,(anonymous_99)
FN:24,(anonymous_100)
FN:24,(anonymous_101)
FN:25,(anonymous_102)
FN:25,(anonymous_103)
FN:25,(anonymous_104)
FN:25,(anonymous_105)
FN:25,(anonymous_106)
FN:26,(anonymous_107)
FN:26,(anonymous_108)
FN:26,(anonymous_109)
FN:26,(anonymous_110)
FN:26,(anonymous_111)
FN:26,(anonymous_112)
FN:26,(anonymous_113)
FN:26,(anonymous_114)
FN:26,(anonymous_115)
FN:27,(anonymous_116)
FN:27,(anonymous_117)
FN:27,(anonymous_118)
FN:27,(anonymous_119)
FN:27,(anonymous_120)
FN:28,(anonymous_121)
FN:28,(anonymous_122)
FN:28,(anonymous_123)
FN:28,(anonymous_124)
FN:29,(anonymous_125)
FN:29,(anonymous_126)
FNF:126
FNH:117
FNDA:1,(anonymous_1)
FNDA:204,(anonymous_2)
FNDA:1225,(anonymous_3)
FNDA:862,(anonymous_4)
FNDA:536,(anonymous_5)
FNDA:97,(anonymous_6)
FNDA:291,(anonymous_7)
FNDA:92,(anonymous_8)
FNDA:7044,(anonymous_9)
FNDA:3533,(anonymous_10)
FNDA:1315,(anonymous_11)
FNDA:18,(anonymous_12)
FNDA:2669,(anonymous_13)
FNDA:44,(anonymous_14)
FNDA:42,(anonymous_15)
FNDA:5,(anonymous_16)
FNDA:72,(anonymous_17)
FNDA:5,(anonymous_18)
FNDA:810,(anonymous_19)
FNDA:209,(anonymous_20)
FNDA:18,(anonymous_21)
FNDA:4229,(anonymous_22)
FNDA:192,(anonymous_23)
FNDA:1193,(anonymous_24)
FNDA:681,(anonymous_25)
FNDA:448,(anonymous_26)
FNDA:1781,(anonymous_27)
FNDA:7,(anonymous_28)
FNDA:117,(anonymous_29)
FNDA:63,(anonymous_30)
FNDA:441,(anonymous_31)
FNDA:5,(anonymous_32)
FNDA:0,(anonymous_33)
FNDA:5,(anonymous_34)
FNDA:5,(anonymous_35)
FNDA:4,(anonymous_36)
FNDA:0,(anonymous_37)
FNDA:2,(anonymous_38)
FNDA:0,(anonymous_39)
FNDA:0,(anonymous_40)
FNDA:0,(anonymous_41)
FNDA:72,(anonymous_42)
FNDA:63,(anonymous_43)
FNDA:70,(anonymous_44)
FNDA:441,(anonymous_45)
FNDA:441,(anonymous_46)
FNDA:70,(anonymous_47)
FNDA:29,(anonymous_48)
FNDA:26,(anonymous_49)
FNDA:19,(anonymous_50)
FNDA:3,(anonymous_51)
FNDA:3,(anonymous_52)
FNDA:21,(anonymous_53)
FNDA:28,(anonymous_54)
FNDA:0,(anonymous_55)
FNDA:23,(anonymous_56)
FNDA:1,(anonymous_57)
FNDA:0,(anonymous_58)
FNDA:21,(anonymous_59)
FNDA:1,(anonymous_60)
FNDA:1,(anonymous_61)
FNDA:0,(anonymous_62)
FNDA:1,(anonymous_63)
FNDA:1,(anonymous_64)
FNDA:1,(anonymous_65)
FNDA:1,(anonymous_66)
FNDA:1,(anonymous_67)
FNDA:18,(anonymous_68)
FNDA:18,(anonymous_69)
FNDA:1,(anonymous_70)
FNDA:1,(anonymous_71)
FNDA:1,(anonymous_72)
FNDA:8,(anonymous_73)
FNDA:8,(anonymous_74)
FNDA:8,(anonymous_75)
FNDA:1,(anonymous_76)
FNDA:1,(anonymous_77)
FNDA:1,(anonymous_78)
FNDA:1,(anonymous_79)
FNDA:1,(anonymous_80)
FNDA:1,(anonymous_81)
FNDA:1,(anonymous_82)
FNDA:7,(anonymous_83)
FNDA:7,(anonymous_84)
FNDA:7,(anonymous_85)
FNDA:1,(anonymous_86)
FNDA:1,(anonymous_87)
FNDA:1,(anonymous_88)
FNDA:2,(anonymous_89)
FNDA:2,(anonymous_90)
FNDA:2,(anonymous_91)
FNDA:1,(anonymous_92)
FNDA:1,(anonymous_93)
FNDA:1,(anonymous_94)
FNDA:1,(anonymous_95)
FNDA:1,(anonymous_96)
FNDA:3,(anonymous_97)
FNDA:2,(anonymous_98)
FNDA:1,(anonymous_99)
FNDA:1,(anonymous_100)
FNDA:5,(anonymous_101)
FNDA:3,(anonymous_102)
FNDA:0,(anonymous_103)
FNDA:172,(anonymous_104)
FNDA:75,(anonymous_105)
FNDA:123,(anonymous_106)
FNDA:12,(anonymous_107)
FNDA:12,(anonymous_108)
FNDA:60,(anonymous_109)
FNDA:12,(anonymous_110)
FNDA:115,(anonymous_111)
FNDA:40,(anonymous_112)
FNDA:40,(anonymous_113)
FNDA:17,(anonymous_114)
FNDA:5,(anonymous_115)
FNDA:6,(anonymous_116)
FNDA:4,(anonymous_117)
FNDA:1,(anonymous_118)
FNDA:23,(anonymous_119)
FNDA:97,(anonymous_120)
FNDA:90,(anonymous_121)
FNDA:630,(anonymous_122)
FNDA:679,(anonymous_123)
FNDA:90,(anonymous_124)
FNDA:1,(anonymous_125)
FNDA:23,(anonymous_126)
DA:1,1225
DA:2,7044
DA:3,810
DA:4,4229
DA:5,1781
DA:6,441
DA:7,5
DA:8,5
DA:9,4
DA:10,72
DA:11,441
DA:12,29
DA:13,19
DA:14,28
DA:15,23
DA:16,21
DA:17,1
DA:18,18
DA:19,8
DA:20,7
DA:21,7
DA:22,2
DA:23,3
DA:24,5
DA:25,172
DA:26,123
DA:27,97
DA:28,679
DA:29,23
LF:29
LH:29
BRDA:1,1,0,0
BRDA:1,1,1,204
BRDA:1,2,0,0
BRDA:1,2,1,204
BRDA:1,3,0,1225
BRDA:1,3,1,0
BRDA:1,4,0,1225
BRDA:1,4,1,0
BRDA:1,4,2,0
BRDA:1,5,0,606
BRDA:1,5,1,256
BRDA:1,6,0,862
BRDA:1,6,1,670
BRDA:1,6,2,606
BRDA:1,6,3,606
BRDA:1,6,4,97
BRDA:1,7,0,176
BRDA:1,7,1,360
BRDA:2,8,0,97
BRDA:2,8,1,97
BRDA:2,9,0,5
BRDA:2,9,1,286
BRDA:2,10,0,291
BRDA:2,10,1,0
BRDA:2,10,2,291
BRDA:2,11,0,8
BRDA:2,11,1,84
BRDA:2,12,0,58
BRDA:2,12,1,114
BRDA:2,13,0,1315
BRDA:2,13,1,1315
BRDA:2,13,2,90
BRDA:3,14,0,44
BRDA:3,14,1,0
BRDA:3,15,0,18
BRDA:3,15,1,24
BRDA:3,16,0,4
BRDA:3,16,1,1
BRDA:3,17,0,35
BRDA:3,17,1,37
BRDA:3,18,0,0
BRDA:3,18,1,5
BRDA:3,19,0,5
BRDA:3,19,1,0
BRDA:3,20,0,0
BRDA:3,20,1,5
BRDA:3,21,0,0
BRDA:3,21,1,0
BRDA:3,22,0,97
BRDA:3,22,1,713
BRDA:3,23,0,810
BRDA:3,23,1,713
BRDA:4,24,0,0
BRDA:4,24,1,209
BRDA:4,25,0,209
BRDA:4,25,1,209
BRDA:4,26,0,1
BRDA:4,26,1,17
BRDA:4,27,0,18
BRDA:4,27,1,17
BRDA:4,27,2,17
BRDA:4,28,0,192
BRDA:4,28,1,0
BRDA:4,29,0,0
BRDA:4,29,1,1193
BRDA:4,30,0,1193
BRDA:4,30,1,0
BRDA:4,31,0,4041
BRDA:4,31,1,4041
BRDA:5,32,0,448
BRDA:5,32,1,0
BRDA:5,33,0,1664
BRDA:5,33,1,117
BRDA:5,34,0,1664
BRDA:5,34,1,1649
BRDA:5,35,0,1664
BRDA:5,35,1,0
BRDA:5,36,0,0
BRDA:5,36,1,117
BRDA:6,37,0,63
BRDA:6,37,1,63
BRDA:6,37,2,2
BRDA:6,38,0,5
BRDA:6,38,1,3
BRDA:6,39,0,5
BRDA:6,39,1,5
BRDA:7,40,0,0
BRDA:7,40,1,5
BRDA:7,41,0,0
BRDA:7,41,1,5
BRDA:7,42,0,0
BRDA:7,42,1,5
BRDA:7,43,0,5
BRDA:7,43,1,0
BRDA:7,44,0,4
BRDA:7,44,1,1
BRDA:7,45,0,0
BRDA:7,45,1,4
BRDA:7,46,0,4
BRDA:7,46,1,0
BRDA:8,47,0,4
BRDA:8,47,1,1
BRDA:8,48,0,4
BRDA:8,48,1,1
BRDA:8,49,0,4
BRDA:8,49,1,0
BRDA:8,50,0,0
BRDA:8,50,1,0
BRDA:8,51,0,0
BRDA:8,51,1,0
BRDA:8,52,0,0
BRDA:8,52,1,0
BRDA:8,52,2,0
BRDA:8,52,3,0
BRDA:9,53,0,4
BRDA:9,53,1,0
BRDA:9,54,0,4
BRDA:9,54,1,4
BRDA:9,54,2,4
BRDA:9,55,0,0
BRDA:9,55,1,4
BRDA:9,56,0,2
BRDA:9,56,1,2
BRDA:10,57,0,35
BRDA:10,57,1,37
BRDA:10,58,0,4
BRDA:10,58,1,33
BRDA:10,59,0,22
BRDA:10,59,1,11
BRDA:10,60,0,0
BRDA:10,60,1,11
BRDA:10,61,0,11
BRDA:10,61,1,0
BRDA:10,62,0,58
BRDA:10,62,1,12
BRDA:11,63,0,70
BRDA:11,63,1,44
BRDA:11,63,2,44
BRDA:11,64,0,23
BRDA:11,64,1,47
BRDA:11,65,0,23
BRDA:11,65,1,0
BRDA:11,66,0,29
BRDA:11,66,1,0
BRDA:11,67,0,29
BRDA:11,67,1,14
BRDA:11,68,0,29
BRDA:11,68,1,26
BRDA:12,69,0,29
BRDA:12,69,1,12
BRDA:12,70,0,14
BRDA:12,70,1,12
BRDA:12,71,0,26
BRDA:12,71,1,14
BRDA:12,72,0,11
BRDA:12,72,1,1
BRDA:12,73,0,12
BRDA:12,73,1,11
BRDA:13,74,0,19
BRDA:13,74,1,3
BRDA:13,75,0,0
BRDA:13,75,1,19
BRDA:13,76,0,19
BRDA:13,76,1,5
BRDA:13,76,2,5
BRDA:13,76,3,5
BRDA:13,76,4,5
BRDA:13,76,5,5
BRDA:13,77,0,0
BRDA:13,77,1,19
BRDA:13,78,0,18
BRDA:13,78,1,1
BRDA:14,79,0,3
BRDA:14,79,1,3
BRDA:14,80,0,0
BRDA:14,80,1,28
BRDA:14,81,0,28
BRDA:14,81,1,0
BRDA:14,82,0,28
BRDA:14,82,1,0
BRDA:14,83,0,28
BRDA:14,83,1,28
BRDA:15,84,0,0
BRDA:15,84,1,0
BRDA:15,85,0,0
BRDA:15,85,1,23
BRDA:15,86,0,23
BRDA:15,86,1,0
BRDA:15,87,0,1
BRDA:15,87,1,22
BRDA:16,88,0,0
BRDA:16,88,1,1
BRDA:16,89,0,1
BRDA:16,89,1,1
BRDA:16,90,0,1
BRDA:16,90,1,0
BRDA:16,91,0,0
BRDA:16,91,1,0
BRDA:16,92,0,1
BRDA:16,92,1,0
BRDA:18,93,0,9
BRDA:18,93,1,9
BRDA:18,94,0,1
BRDA:18,94,1,17
BRDA:19,95,0,8
BRDA:19,95,1,7
BRDA:19,96,0,8
BRDA:19,96,1,7
BRDA:21,97,0,0
BRDA:21,97,1,7
BRDA:21,98,0,1
BRDA:21,98,1,1
BRDA:21,98,2,1
BRDA:21,98,3,1
BRDA:21,99,0,0
BRDA:21,99,1,1
BRDA:21,100,0,0
BRDA:21,100,1,0
BRDA:22,101,0,2
BRDA:22,101,1,2
BRDA:22,101,2,2
BRDA:22,101,3,2
BRDA:22,102,0,0
BRDA:22,102,1,2
BRDA:22,103,0,0
BRDA:22,103,1,0
BRDA:22,104,0,0
BRDA:22,104,1,2
BRDA:22,105,0,0
BRDA:22,105,1,0
BRDA:23,106,0,0
BRDA:23,106,1,1
BRDA:23,107,0,0
BRDA:23,107,1,1
BRDA:24,108,0,0
BRDA:24,108,1,5
BRDA:24,109,0,5
BRDA:24,109,1,0
BRDA:24,109,2,0
BRDA:24,109,3,0
BRDA:24,110,0,0
BRDA:24,110,1,5
BRDA:24,111,0,5
BRDA:24,111,1,0
BRDA:24,112,0,0
BRDA:24,112,1,5
BRDA:24,113,0,5
BRDA:24,113,1,0
BRDA:25,114,0,5
BRDA:25,114,1,0
BRDA:25,115,0,0
BRDA:25,115,1,3
BRDA:25,116,0,3
BRDA:25,116,1,0
BRDA:25,117,0,0
BRDA:25,117,1,0
BRDA:25,118,0,0
BRDA:25,118,1,0
BRDA:25,119,0,34
BRDA:25,119,1,41
BRDA:25,120,0,33
BRDA:25,120,1,1
BRDA:26,121,0,123
BRDA:26,121,1,88
BRDA:26,122,0,115
BRDA:26,122,1,115
BRDA:27,123,0,4
BRDA:27,123,1,4
BRDA:27,124,0,97
BRDA:27,124,1,1
BRDA:28,125,0,90
BRDA:28,125,1,90
BRDA:28,126,0,0
BRDA:28,126,1,630
BRDA:28,127,0,97
BRDA:28,127,1,92
BRDA:28,127,2,0
BRDA:28,128,0,59
BRDA:28,128,1,31
BRDA:28,129,0,11
BRDA:28,129,1,48
BRDA:28,130,0,4
BRDA:28,130,1,27
BRDA:28,131,0,31
BRDA:28,131,1,28
BRDA:28,131,2,28
BRDA:29,132,0,0
BRDA:29,132,1,23
BRDA:29,133,0,0
BRDA:29,133,1,0
BRDA:29,134,0,23
BRDA:29,134,1,10
BRF:292
BRH:206
end_of_record
